0 info it worked if it ends with ok
1 verbose cli [ '/usr/local/bin/node', '/usr/local/bin/npm', 'publish' ]
2 info using npm@2.15.9
3 info using node@v4.5.0
4 verbose publish [ '.' ]
5 silly cache add args [ '.', null ]
6 verbose cache add spec .
7 silly cache add parsed spec Result {
7 silly cache add   raw: '.',
7 silly cache add   scope: null,
7 silly cache add   name: null,
7 silly cache add   rawSpec: '.',
7 silly cache add   spec: '/Users/liguozheng/Desktop/d3-foo',
7 silly cache add   type: 'directory' }
8 verbose addLocalDirectory /Users/liguozheng/.npm/d3-foo/0.0.1/package.tgz not in flight; packing
9 verbose correctMkdir /Users/liguozheng/.npm correctMkdir not in flight; initializing
10 verbose tar pack [ '/Users/liguozheng/.npm/d3-foo/0.0.1/package.tgz',
10 verbose tar pack   '/Users/liguozheng/Desktop/d3-foo' ]
11 verbose tarball /Users/liguozheng/.npm/d3-foo/0.0.1/package.tgz
12 verbose folder /Users/liguozheng/Desktop/d3-foo
13 info prepublish d3-foo@0.0.1
14 verbose unsafe-perm in lifecycle true
15 verbose addLocalTarball adding from inside cache /Users/liguozheng/.npm/d3-foo/0.0.1/package.tgz
16 verbose correctMkdir /Users/liguozheng/.npm correctMkdir not in flight; initializing
17 silly cache afterAdd d3-foo@0.0.1
18 verbose afterAdd /Users/liguozheng/.npm/d3-foo/0.0.1/package/package.json not in flight; writing
19 verbose correctMkdir /Users/liguozheng/.npm correctMkdir not in flight; initializing
20 verbose afterAdd /Users/liguozheng/.npm/d3-foo/0.0.1/package/package.json written
21 silly publish { name: 'd3-foo',
21 silly publish   version: '0.0.1',
21 silly publish   description: 'the new tree visual representation to comparison',
21 silly publish   author: { name: 'George' },
21 silly publish   contributors: '',
21 silly publish   keywords: [ 'd3', 'd3-module', 'comparison', 'tree', 'barcode' ],
21 silly publish   license: 'BSD-3-Clause',
21 silly publish   main: 'build/d3-foo.js',
21 silly publish   'jsnext:main': 'index',
21 silly publish   homepage: 'https://github.com/GeorgeProjects/d3-foo',
21 silly publish   repository:
21 silly publish    { type: 'git',
21 silly publish      url: 'git+https://github.com/GeorgeProjects/d3-foo.git' },
21 silly publish   scripts:
21 silly publish    { pretest: 'rm -rf build && mkdir build && rollup -f umd -n d3 -o build/d3-foo.js -- index.js',
21 silly publish      test: 'tape \'test/**/*-test.js\'',
21 silly publish      prepublish: 'npm run test && uglifyjs build/d3-foo.js -c -m -o build/d3-foo.min.js',
21 silly publish      postpublish: 'zip -j build/d3-foo.zip -- LICENSE README.md build/d3-foo.js build/d3-foo.min.js' },
21 silly publish   devDependencies: { rollup: '0.27', tape: '4', 'uglify-js': '2' },
21 silly publish   dependencies: { 'd3-path': '1' },
21 silly publish   readme: '# d3-foo\n\nYOUR DESCRIPTION HERE. Replace all instances of `foo` in this file with the name of your new plugin.\n\n## Installing\n\nIf you use NPM, `npm install d3-foo`. Otherwise, download the [latest release](https://github.com/d3/d3-foo/releases/latest).\n\n## API Reference\n\nYOUR API DOCUMENTATION HERE. Use bold for symbols (such as constructor and method names) and italics for instances. See the other D3 modules for examples.\n\n<a href="#foo" name="foo">#</a> <b>foo</b>()\n\nComputes the answer to the ultimate question of life, the universe, and everything.\n',
21 silly publish   readmeFilename: 'README.md',
21 silly publish   bugs: { url: 'https://github.com/GeorgeProjects/d3-foo/issues' },
21 silly publish   _id: 'd3-foo@0.0.1',
21 silly publish   _shasum: '5aa2c4c51e4521f45b8d6c6d5b45b6df977ce97a',
21 silly publish   _from: '.' }
22 verbose getPublishConfig undefined
23 silly mapToRegistry name d3-foo
24 silly mapToRegistry using default registry
25 silly mapToRegistry registry https://registry.npmjs.org/
26 silly mapToRegistry data Result {
26 silly mapToRegistry   raw: 'd3-foo',
26 silly mapToRegistry   scope: null,
26 silly mapToRegistry   name: 'd3-foo',
26 silly mapToRegistry   rawSpec: '',
26 silly mapToRegistry   spec: 'latest',
26 silly mapToRegistry   type: 'tag' }
27 silly mapToRegistry uri https://registry.npmjs.org/d3-foo
28 verbose publish registryBase https://registry.npmjs.org/
29 silly publish uploading /Users/liguozheng/.npm/d3-foo/0.0.1/package.tgz
30 verbose stack Error: auth required for publishing
30 verbose stack     at CachingRegistryClient.publish (/usr/local/lib/node_modules/npm/node_modules/npm-registry-client/lib/publish.js:30:14)
30 verbose stack     at /usr/local/lib/node_modules/npm/lib/publish.js:134:14
30 verbose stack     at mapToRegistry (/usr/local/lib/node_modules/npm/lib/utils/map-to-registry.js:62:3)
30 verbose stack     at publish_ (/usr/local/lib/node_modules/npm/lib/publish.js:104:3)
30 verbose stack     at Array.<anonymous> (/usr/local/lib/node_modules/npm/node_modules/slide/lib/bind-actor.js:15:8)
30 verbose stack     at LOOP (/usr/local/lib/node_modules/npm/node_modules/slide/lib/chain.js:15:14)
30 verbose stack     at LOOP (/usr/local/lib/node_modules/npm/node_modules/slide/lib/chain.js:14:28)
30 verbose stack     at chain (/usr/local/lib/node_modules/npm/node_modules/slide/lib/chain.js:20:5)
30 verbose stack     at /usr/local/lib/node_modules/npm/lib/publish.js:73:5
30 verbose stack     at RES (/usr/local/lib/node_modules/npm/node_modules/inflight/inflight.js:23:14)
31 verbose cwd /Users/liguozheng/Desktop/d3-foo
32 error Darwin 16.0.0
33 error argv "/usr/local/bin/node" "/usr/local/bin/npm" "publish"
34 error node v4.5.0
35 error npm  v2.15.9
36 error code ENEEDAUTH
37 error need auth auth required for publishing
37 error need auth You need to authorize this machine using `npm adduser`
38 verbose exit [ 1, true ]
